Using pre-set license
Built from '2021.1/release' branch; Version is '2021.1.0f1 (61a549675243) revision 6399305'; Using compiler version '192528614'; Build Type 'Release'
OS: 'Windows 10 Home Single Language; OS build 19042.928; Version 2009; 64bit' Language: 'fr' Physical Memory: 7994 MB
BatchMode: 1, IsHumanControllingUs: 0, StartBugReporterOnCrash: 0, Is64bit: 1, IsPro: 0

 COMMAND LINE ARGUMENTS:
C:\Program Files\Unity\Hub\Editor\2021.1.0f1\Editor\Unity.exe
-adb2
-batchMode
-noUpm
-name
AssetImportWorker5
-projectPath
C:/Users/hajja/Desktop/flappy bird/flappy bird
-logFile
Logs/AssetImportWorker5.log
-srvPort
54233
Successfully changed project path to: C:/Users/hajja/Desktop/flappy bird/flappy bird
C:/Users/hajja/Desktop/flappy bird/flappy bird
Using Asset Import Pipeline V2.
Refreshing native plugins compatible for Editor in 289.77 ms, found 2 plugins.
Preloading 0 native plugins for Editor in 0.00 ms.
Initialize engine version: 2021.1.0f1 (61a549675243)
[Subsystems] Discovering subsystems at path C:/Program Files/Unity/Hub/Editor/2021.1.0f1/Editor/Data/Resources/UnitySubsystems
[Subsystems] Discovering subsystems at path C:/Users/hajja/Desktop/flappy bird/flappy bird/Assets
GfxDevice: creating device client; threaded=0; jobified=0
