Using pre-set license
Built from '2021.1/release' branch; Version is '2021.1.0f1 (61a549675243) revision 6399305'; Using compiler version '192528614'; Build Type 'Release'
OS: 'Windows 10 Home Single Language; OS build 19042.928; Version 2009; 64bit' Language: 'fr' Physical Memory: 7994 MB
BatchMode: 1, IsHumanControllingUs: 0, StartBugReporterOnCrash: 0, Is64bit: 1, IsPro: 0

 COMMAND LINE ARGUMENTS:
C:\Program Files\Unity\Hub\Editor\2021.1.0f1\Editor\Unity.exe
-adb2
-batchMode
-noUpm
-name
AssetImportWorker8
-projectPath
C:/Users/hajja/Desktop/flappy bird/flappy bird
-logFile
Logs/AssetImportWorker8.log
-srvPort
54233
Successfully changed project path to: C:/Users/hajja/Desktop/flappy bird/flappy bird
C:/Users/hajja/Desktop/flappy bird/flappy bird
Using Asset Import Pipeline V2.
